Arguments: 
  /usr/local/bin/node /usr/share/yarn/bin/yarn.js start

PATH: 
  /home/lenovo/bin:/home/lenovo/.local/bin:/usr/local/sbin:/usr/local/bin:/usr/sbin:/usr/bin:/sbin:/bin:/usr/games:/usr/local/games:/snap/bin:/usr/lib/jvm/java-8-oracle/bin:/usr/lib/jvm/java-8-oracle/db/bin:/usr/lib/jvm/java-8-oracle/jre/bin:/home/lenovo/Android/Sdk/tools:/home/lenovo/Android/Sdk/tools/bin:/home/lenovo/Android/Sdk/platform-tools:/home/lenovo/Android/Sdk/emulator

Yarn version: 
  1.16.0

Node version: 
  11.10.1

Platform: 
  linux x64

Trace: 
  SyntaxError: /home/lenovo/Desktop/react/fun/React-SandBox/contextReadingList/package.json: Unexpected token : in JSON at position 9
      at JSON.parse (<anonymous>)
      at /usr/share/yarn/lib/cli.js:1625:59
      at Generator.next (<anonymous>)
      at step (/usr/share/yarn/lib/cli.js:304:30)
      at /usr/share/yarn/lib/cli.js:315:13

npm manifest: 
  "name": "hangman",
    "version": "1.0.0",
    "main": "index.js",
    "author": "tajpouria",
    "license": "MIT",
    "scripts": {
      "start": "webpack-dev-server --node development --open --hot",
      "build": "webpack --mode production"
    },
    "dependencies": {
      "matter-js": "^0.14.2",
      "prop-types": "^15.7.2",
      "react": "^16.8.6",
      "react-dom": "^16.8.6",
      "react-redux": "^7.0.3",
      "redux": "^4.0.1",
      "redux-thunk": "^2.3.0"
    },
    "devDependencies": {
      "@babel/core": "^7.4.5",
      "babel-core": "^6.26.3",
      "babel-loader": "^7",
      "babel-preset-env": "^1.7.0",
      "babel-preset-react": "^6.24.1",
      "eslint": "^5.16.0",
      "eslint-config-airbnb": "^17.1.0",
      "eslint-plugin-import": "^2.17.3",
      "eslint-plugin-jsx-a11y": "^6.2.1",
      "eslint-plugin-react": "^7.13.0",
      "html-webpack-plugin": "^3.2.0",
      "webpack": "^4.33.0",
      "webpack-cli": "^3.3.2",
      "webpack-dev-server": "^3.5.1"
    }
  }

yarn manifest: 
  No manifest

Lockfile: 
  No lockfile
